Performing C SOURCE FILE Test CMAKE_HAVE_LIBC_PTHREAD failed with the following output:
Change Dir: /home/alaallen/Documents/course/github/Research/LFSR/cmake-build-debug/CMakeFiles/CMakeTmp

Run Build Command(s):/usr/bin/make cmTC_2fd5e/fast && /usr/bin/make  -f CMakeFiles/cmTC_2fd5e.dir/build.make CMakeFiles/cmTC_2fd5e.dir/build
make[1]: Entering directory '/home/alaallen/Documents/course/github/Research/LFSR/cmake-build-debug/CMakeFiles/CMakeTmp'
Building C object CMakeFiles/cmTC_2fd5e.dir/src.c.o
/usr/bin/clang -DCMAKE_HAVE_LIBC_PTHREAD   -o CMakeFiles/cmTC_2fd5e.dir/src.c.o -c /home/alaallen/Documents/course/github/Research/LFSR/cmake-build-debug/CMakeFiles/CMakeTmp/src.c
Linking C executable cmTC_2fd5e
/home/alaallen/.local/share/JetBrains/Toolbox/apps/CLion/ch-0/211.7142.21/bin/cmake/linux/bin/cmake -E cmake_link_script CMakeFiles/cmTC_2fd5e.dir/link.txt --verbose=1
/usr/bin/clang CMakeFiles/cmTC_2fd5e.dir/src.c.o -o cmTC_2fd5e 
/usr/bin/ld: CMakeFiles/cmTC_2fd5e.dir/src.c.o: in function `main':
src.c:(.text+0x25): undefined reference to `pthread_create'
/usr/bin/ld: src.c:(.text+0x31): undefined reference to `pthread_detach'
/usr/bin/ld: src.c:(.text+0x3d): undefined reference to `pthread_cancel'
/usr/bin/ld: src.c:(.text+0x4f): undefined reference to `pthread_join'
clang: error: linker command failed with exit code 1 (use -v to see invocation)
make[1]: *** [CMakeFiles/cmTC_2fd5e.dir/build.make:106: cmTC_2fd5e] Error 1
make[1]: Leaving directory '/home/alaallen/Documents/course/github/Research/LFSR/cmake-build-debug/CMakeFiles/CMakeTmp'
make: *** [Makefile:140: cmTC_2fd5e/fast] Error 2


Source file was:
#include <pthread.h>

static void* test_func(void* data)
{
  return data;
}

int main(void)
{
  pthread_t thread;
  pthread_create(&thread, NULL, test_func, NULL);
  pthread_detach(thread);
  pthread_cancel(thread);
  pthread_join(thread, NULL);
  pthread_atfork(NULL, NULL, NULL);
  pthread_exit(NULL);

  return 0;
}

Determining if the function pthread_create exists in the pthreads failed with the following output:
Change Dir: /home/alaallen/Documents/course/github/Research/LFSR/cmake-build-debug/CMakeFiles/CMakeTmp

Run Build Command(s):/usr/bin/make cmTC_c5c2c/fast && /usr/bin/make  -f CMakeFiles/cmTC_c5c2c.dir/build.make CMakeFiles/cmTC_c5c2c.dir/build
make[1]: Entering directory '/home/alaallen/Documents/course/github/Research/LFSR/cmake-build-debug/CMakeFiles/CMakeTmp'
Building C object CMakeFiles/cmTC_c5c2c.dir/CheckFunctionExists.c.o
/usr/bin/clang   -DCHECK_FUNCTION_EXISTS=pthread_create -o CMakeFiles/cmTC_c5c2c.dir/CheckFunctionExists.c.o -c /home/alaallen/.local/share/JetBrains/Toolbox/apps/CLion/ch-0/211.7142.21/bin/cmake/linux/share/cmake-3.19/Modules/CheckFunctionExists.c
Linking C executable cmTC_c5c2c
/home/alaallen/.local/share/JetBrains/Toolbox/apps/CLion/ch-0/211.7142.21/bin/cmake/linux/bin/cmake -E cmake_link_script CMakeFiles/cmTC_c5c2c.dir/link.txt --verbose=1
/usr/bin/clang  -DCHECK_FUNCTION_EXISTS=pthread_create CMakeFiles/cmTC_c5c2c.dir/CheckFunctionExists.c.o -o cmTC_c5c2c  -lpthreads 
/usr/bin/ld: cannot find -lpthreads
clang: error: linker command failed with exit code 1 (use -v to see invocation)
make[1]: *** [CMakeFiles/cmTC_c5c2c.dir/build.make:106: cmTC_c5c2c] Error 1
make[1]: Leaving directory '/home/alaallen/Documents/course/github/Research/LFSR/cmake-build-debug/CMakeFiles/CMakeTmp'
make: *** [Makefile:140: cmTC_c5c2c/fast] Error 2



